<?xml version="1.0" encoding="UTF-8"?>
<!-- Generated by org.testng.reporters.JUnitReportReporter -->
<testsuite hostname="LAPTOP-PCRCG66L" failures="0" tests="3" name="com.ricepot.framework.tests.InvalidLoginTest" time="66.714" errors="0" timestamp="2026-08-11T17:43:48 IST" skipped="0">
  <testcase classname="com.ricepot.framework.tests.InvalidLoginTest" name="verifyInvalidLogin" time="22.126"/>
  <testcase classname="com.ricepot.framework.tests.InvalidLoginTest" name="verifyInvalidLogin" time="21.654"/>
  <testcase classname="com.ricepot.framework.tests.InvalidLoginTest" name="verifyInvalidLogin" time="22.934"/>
</testsuite> <!-- com.ricepot.framework.tests.InvalidLoginTest -->
