<?xml version="1.0" encoding="UTF-8"?>
<!-- Generated by org.testng.reporters.JUnitReportReporter -->
<testsuite hostname="LAPTOP-PCRCG66L" failures="0" tests="1" name="com.ricepot.framework.tests.ValidLoginTest" time="0.005" errors="0" timestamp="2026-08-11T17:43:48 IST" skipped="1">
  <testcase classname="com.ricepot.framework.tests.ValidLoginTest" name="verifyValidLogin" time="0.005">
    <skipped/>
  </testcase> <!-- verifyValidLogin -->
</testsuite> <!-- com.ricepot.framework.tests.ValidLoginTest -->
