<?xml version="1.0" encoding="UTF-8"?>
<!-- Generated by org.testng.reporters.JUnitXMLReporter -->
<testsuite ignored="0" hostname="LAPTOP-PCRCG66L" failures="0" tests="4" name="SalesforceLoginTests" time="78.785" errors="0" timestamp="2026-08-11T17:43:47 IST">
  <testcase classname="com.ricepot.framework.tests.ValidLoginTest" name="verifyValidLogin" time="0.005">
    <skipped/>
  </testcase> <!-- verifyValidLogin -->
  <testcase classname="com.ricepot.framework.tests.InvalidLoginTest" name="verifyInvalidLogin" time="22.934"/>
  <testcase classname="com.ricepot.framework.tests.InvalidLoginTest" name="verifyInvalidLogin" time="22.126"/>
  <testcase classname="com.ricepot.framework.tests.InvalidLoginTest" name="verifyInvalidLogin" time="21.654"/>
</testsuite> <!-- SalesforceLoginTests -->
