<?xml version="1.0" encoding="UTF-8"?>
<testng-results ignored="0" total="4" passed="3" failed="0" skipped="1">
  <reporter-output>
  </reporter-output>
  <suite started-at="2026-08-11T17:42:29 IST" name="RicePotSalesforceLoginSuite" finished-at="2026-08-11T17:43:47 IST" duration-ms="78785">
    <groups>
    </groups>
    <test started-at="2026-08-11T17:42:29 IST" name="SalesforceLoginTests" finished-at="2026-08-11T17:43:47 IST" duration-ms="78785">
      <class name="com.ricepot.framework.tests.InvalidLoginTest">
        <test-method is-config="true" signature="setUp()[pri:0, instance:com.ricepot.framework.tests.InvalidLoginTest@5e0826e7]" started-at="2026-08-11T17:42:29 IST" name="setUp" finished-at="2026-08-11T17:42:37 IST" duration-ms="8249" status="PASS">
          <reporter-output>
          </reporter-output>
        </test-method> <!-- setUp -->
        <test-method signature="verifyInvalidLogin(java.lang.String,java.lang.String)[pri:0, instance:com.ricepot.framework.tests.InvalidLoginTest@5e0826e7]" started-at="2026-08-11T17:42:40 IST" name="verifyInvalidLogin" data-provider="invalidCredentials" finished-at="2026-08-11T17:43:03 IST" duration-ms="22934" status="PASS">
          <params>
            <param index="0">
              <value>
                <![CDATA[invalid.user@example.com]]>
              </value>
            </param>
            <param index="1">
              <value>
                <![CDATA[WrongPassword123]]>
              </value>
            </param>
          </params>
          <reporter-output>
          </reporter-output>
        </test-method> <!-- verifyInvalidLogin -->
        <test-method signature="verifyInvalidLogin(java.lang.String,java.lang.String)[pri:0, instance:com.ricepot.framework.tests.InvalidLoginTest@5e0826e7]" started-at="2026-08-11T17:43:03 IST" name="verifyInvalidLogin" data-provider="invalidCredentials" finished-at="2026-08-11T17:43:25 IST" duration-ms="22126" status="PASS">
          <params>
            <param index="0">
              <value>
                <![CDATA[]]>
              </value>
            </param>
            <param index="1">
              <value>
                <![CDATA[WrongPassword123]]>
              </value>
            </param>
          </params>
          <reporter-output>
          </reporter-output>
        </test-method> <!-- verifyInvalidLogin -->
        <test-method signature="verifyInvalidLogin(java.lang.String,java.lang.String)[pri:0, instance:com.ricepot.framework.tests.InvalidLoginTest@5e0826e7]" started-at="2026-08-11T17:43:25 IST" name="verifyInvalidLogin" data-provider="invalidCredentials" finished-at="2026-08-11T17:43:46 IST" duration-ms="21654" status="PASS">
          <params>
            <param index="0">
              <value>
                <![CDATA[invalid.user@example.com]]>
              </value>
            </param>
            <param index="1">
              <value>
                <![CDATA[]]>
              </value>
            </param>
          </params>
          <reporter-output>
          </reporter-output>
        </test-method> <!-- verifyInvalidLogin -->
        <test-method is-config="true" signature="tearDown()[pri:0, instance:com.ricepot.framework.tests.InvalidLoginTest@5e0826e7]" started-at="2026-08-11T17:43:46 IST" name="tearDown" finished-at="2026-08-11T17:43:47 IST" duration-ms="588" status="PASS">
          <reporter-output>
          </reporter-output>
        </test-method> <!-- tearDown -->
      </class> <!-- com.ricepot.framework.tests.InvalidLoginTest -->
      <class name="com.ricepot.framework.tests.ValidLoginTest">
        <test-method is-config="true" signature="setUp()[pri:0, instance:com.ricepot.framework.tests.ValidLoginTest@62150f9e]" started-at="2026-08-11T17:42:37 IST" name="setUp" finished-at="2026-08-11T17:42:40 IST" duration-ms="2782" status="PASS">
          <reporter-output>
          </reporter-output>
        </test-method> <!-- setUp -->
        <test-method signature="verifyValidLogin()[pri:0, instance:com.ricepot.framework.tests.ValidLoginTest@62150f9e]" started-at="2026-08-11T17:42:40 IST" name="verifyValidLogin" finished-at="2026-08-11T17:42:40 IST" duration-ms="5" status="SKIP">
          <exception class="org.testng.SkipException">
            <message>
              <![CDATA[Provide -Dsf.username and -Dsf.password to execute valid login.]]>
            </message>
            <full-stacktrace>
              <![CDATA[org.testng.SkipException: Provide -Dsf.username and -Dsf.password to execute valid login.
at com.ricepot.framework.tests.ValidLoginTest.verifyValidLogin(ValidLoginTest.java:37)
at java.base/jdk.internal.reflect.NativeMethodAccessorImpl.invoke0(Native Method)
at java.base/jdk.internal.reflect.NativeMethodAccessorImpl.invoke(NativeMethodAccessorImpl.java:77)
at java.base/jdk.internal.reflect.DelegatingMethodAccessorImpl.invoke(DelegatingMethodAccessorImpl.java:43)
at java.base/java.lang.reflect.Method.invoke(Method.java:569)
at org.testng.internal.invokers.MethodInvocationHelper.invokeMethod(MethodInvocationHelper.java:141)
at org.testng.internal.invokers.TestInvoker.invokeMethod(TestInvoker.java:686)
at org.testng.internal.invokers.TestInvoker.invokeTestMethod(TestInvoker.java:230)
at org.testng.internal.invokers.MethodRunner.runInSequence(MethodRunner.java:63)
at org.testng.internal.invokers.TestInvoker$MethodInvocationAgent.invoke(TestInvoker.java:992)
at org.testng.internal.invokers.TestInvoker.invokeTestMethods(TestInvoker.java:203)
at org.testng.internal.invokers.TestMethodWorker.invokeTestMethods(TestMethodWorker.java:154)
at org.testng.internal.invokers.TestMethodWorker.run(TestMethodWorker.java:134)
at java.base/java.util.ArrayList.forEach(ArrayList.java:1511)
at org.testng.TestRunner.privateRun(TestRunner.java:739)
at org.testng.TestRunner.run(TestRunner.java:614)
at org.testng.SuiteRunner.runTest(SuiteRunner.java:421)
at org.testng.SuiteRunner.runSequentially(SuiteRunner.java:413)
at org.testng.SuiteRunner.privateRun(SuiteRunner.java:373)
at org.testng.SuiteRunner.run(SuiteRunner.java:312)
at org.testng.SuiteRunnerWorker.runSuite(SuiteRunnerWorker.java:52)
at org.testng.SuiteRunnerWorker.run(SuiteRunnerWorker.java:95)
at org.testng.TestNG.runSuitesSequentially(TestNG.java:1274)
at org.testng.TestNG.runSuitesLocally(TestNG.java:1208)
at org.testng.TestNG.runSuites(TestNG.java:1112)
at org.testng.TestNG.run(TestNG.java:1079)
at org.apache.maven.surefire.testng.TestNGExecutor.run(TestNGExecutor.java:308)
at org.apache.maven.surefire.testng.TestNGXmlTestSuite.execute(TestNGXmlTestSuite.java:71)
at org.apache.maven.surefire.testng.TestNGProvider.invoke(TestNGProvider.java:113)
at org.apache.maven.surefire.booter.ForkedBooter.runSuitesInProcess(ForkedBooter.java:385)
at org.apache.maven.surefire.booter.ForkedBooter.execute(ForkedBooter.java:162)
at org.apache.maven.surefire.booter.ForkedBooter.run(ForkedBooter.java:507)
at org.apache.maven.surefire.booter.ForkedBooter.main(ForkedBooter.java:495)
]]>
            </full-stacktrace>
          </exception> <!-- org.testng.SkipException -->
          <reporter-output>
          </reporter-output>
        </test-method> <!-- verifyValidLogin -->
        <test-method is-config="true" signature="tearDown()[pri:0, instance:com.ricepot.framework.tests.ValidLoginTest@62150f9e]" started-at="2026-08-11T17:43:47 IST" name="tearDown" finished-at="2026-08-11T17:43:47 IST" duration-ms="351" status="PASS">
          <reporter-output>
          </reporter-output>
        </test-method> <!-- tearDown -->
      </class> <!-- com.ricepot.framework.tests.ValidLoginTest -->
    </test> <!-- SalesforceLoginTests -->
  </suite> <!-- RicePotSalesforceLoginSuite -->
</testng-results>
